#
# A fatal error has been detected by the Java Runtime Environment:
#
#  Internal Error (classFileParser.cpp:3174), pid=1360, tid=6192
#  Error: ShouldNotReachHere()
#
# JRE version: 6.0_18-b07
# Java VM: Java HotSpot(TM) Client VM (16.0-b13 mixed mode windows-x86 )
# If you would like to submit a bug report, please visit:
#   http://java.sun.com/webapps/bugreport/crash.jsp
#

---------------  T H R E A D  ---------------

Current thread (0x004aa800):  JavaThread "Unknown thread" [_thread_in_vm, id=6192, stack(0x00390000,0x003e0000)]

Stack: [0x00390000,0x003e0000],  sp=0x003df880,  free space=13e003df890k
Native frames: (J=compiled Java code, j=interpreted, Vv=VM code, C=native code)
V  [jvm.dll+0x1f4000]
V  [jvm.dll+0xa1d79]
V  [jvm.dll+0x74ab1]
V  [jvm.dll+0x76154]
V  [jvm.dll+0x1c2395]
V  [jvm.dll+0x1c2acd]
V  [jvm.dll+0x1c2e85]
V  [jvm.dll+0x1c2ecb]
V  [jvm.dll+0x1c2ff2]
V  [jvm.dll+0x1c306a]
V  [jvm.dll+0x1c351d]
V  [jvm.dll+0x1c3922]
V  [jvm.dll+0x1e3ed3]
V  [jvm.dll+0x1e42ac]
V  [jvm.dll+0xd88c1]
V  [jvm.dll+0x1ddae8]
V  [jvm.dll+0x1030a0]
C  [javaw.exe+0x1657]
C  [javaw.exe+0x1e2c]
C  [javaw.exe+0x8614]
C  [kernel32.dll+0x51194]
C  [ntdll.dll+0x5b495]
C  [ntdll.dll+0x5b468]


---------------  P R O C E S S  ---------------

Java Threads: ( => current thread )

Other Threads:

=>0x004aa800 (exited) JavaThread "Unknown thread" [_thread_in_vm, id=6192, stack(0x00390000,0x003e0000)]

VM state:not at safepoint (not fully initialized)

VM Mutex/Monitor currently owned by a thread: None

Dynamic libraries:
0x00400000 - 0x00424000 	C:\Program Files\Java\jre6\bin\javaw.exe
0x77830000 - 0x7796c000 	C:\Windows\SYSTEM32\ntdll.dll
0x77250000 - 0x77324000 	C:\Windows\system32\kernel32.dll
0x75a00000 - 0x75a4a000 	C:\Windows\system32\KERNELBASE.dll
0x761e0000 - 0x76280000 	C:\Windows\system32\ADVAPI32.dll
0x76130000 - 0x761dc000 	C:\Windows\system32\msvcrt.dll
0x75c80000 - 0x75c99000 	C:\Windows\SYSTEM32\sechost.dll
0x76070000 - 0x76111000 	C:\Windows\system32\RPCRT4.dll
0x75cd0000 - 0x75d99000 	C:\Windows\system32\USER32.dll
0x765b0000 - 0x765fe000 	C:\Windows\system32\GDI32.dll
0x75ea0000 - 0x75eaa000 	C:\Windows\system32\LPK.dll
0x76370000 - 0x7640d000 	C:\Windows\system32\USP10.dll
0x758b0000 - 0x758fb000 	C:\Windows\system32\apphelp.dll
0x73c10000 - 0x73c9c000 	C:\Windows\AppPatch\AcLayers.DLL
0x75880000 - 0x7589a000 	C:\Windows\system32\SspiCli.dll
0x76600000 - 0x77249000 	C:\Windows\system32\SHELL32.dll
0x76410000 - 0x76467000 	C:\Windows\system32\SHLWAPI.dll
0x774d0000 - 0x7762c000 	C:\Windows\system32\ole32.dll
0x75eb0000 - 0x75f3f000 	C:\Windows\system32\OLEAUT32.dll
0x74fd0000 - 0x74fe7000 	C:\Windows\system32\USERENV.dll
0x75980000 - 0x7598b000 	C:\Windows\system32\profapi.dll
0x741e0000 - 0x74231000 	C:\Windows\system32\WINSPOOL.DRV
0x731d0000 - 0x731e2000 	C:\Windows\system32\MPR.dll
0x76350000 - 0x7636f000 	C:\Windows\system32\IMM32.DLL
0x77990000 - 0x77a5c000 	C:\Windows\system32\MSCTF.dll
0x7c340000 - 0x7c396000 	C:\Program Files\Java\jre6\bin\msvcr71.dll
0x6d800000 - 0x6da97000 	C:\Program Files\Java\jre6\bin\client\jvm.dll
0x73cf0000 - 0x73d22000 	C:\Windows\system32\WINMM.dll
0x6d7b0000 - 0x6d7bc000 	C:\Program Files\Java\jre6\bin\verify.dll
0x6d330000 - 0x6d34f000 	C:\Program Files\Java\jre6\bin\java.dll
0x6d290000 - 0x6d298000 	C:\Program Files\Java\jre6\bin\hpi.dll
0x77980000 - 0x77985000 	C:\Windows\system32\PSAPI.DLL
0x6d7f0000 - 0x6d7ff000 	C:\Program Files\Java\jre6\bin\zip.dll

VM Arguments:
jvm_args: -Dfile.encoding=Cp1252 -Xbootclasspath:D:\Eclipse Daten\android-sdk-windows\platforms\android-1.6\android.jar 
java_command: org.tomdroid.encrypt.Util
Launcher Type: SUN_STANDARD

Environment Variables:
JAVA_HOME=C:\Program Files\Java\jdk1.6.0_18
CLASSPATH=.;C:\Program Files\Java\jre6\lib\ext\QTJava.zip
PATH=C:/Program Files/Java/jre6/bin/client;C:/Program Files/Java/jre6/bin;C:\Program Files\Common Files\Microsoft Shared\Windows Live;C:\Program Files\NVIDIA Corporation\PhysX\Common;C:\Program Files\MiKTeX 2.8\miktex\bin;D:\QtDevelopment\Pearl\site\bin;D:\QtDevelopment\Pearl\bin;D:\QtDevelopment\Carbide\x86Build\Symbian_Tools\Command_Line_Tools;C:\Program Files\PC Connectivity Solution\;C:\Windows\system32;C:\Windows;C:\Windows\System32\Wbem;C:\Windows\System32\WindowsPowerShell\v1.0\;C:\Program Files\WIDCOMM\Bluetooth Software\;C:\Program Files\TortoiseSVN\bin;C:\Program Files\Common Files\Symbian\tools;C:\Program Files\CSL Arm Toolchain\bin;C:\Windows\system32;C:\Program Files\Microsoft SQL Server\90\Tools\binn\;C:\Program Files\Samsung\Samsung PC Studio 3\;D:\Eclipse Daten\android-sdk-windows\tools;C:\Program Files\doxygen\bin;C:\Program Files\MATLAB\R2009a\bin;C:\Program Files\MATLAB\R2009a\bin\win32;C:\Program Files\Common Files\Teleca Shared;C:\Program Files\GtkSharp\2.12\bin;C:\Program Files\Kubios HRV\MCR\v78\runtime\win32;C:\Program Files\GNU\GnuPG\pub;C:\Program Files\QuickTime\QTSystem\;D:\Programme\QT\bin;D:\Programme\QT\mingw;D:\Programme\QT\qt\bin;C:\Qt\2009.05\bin;C:\Qt\2009.05\bin;C:\Qt\2009.05\mingw;D:\Studium\4.Semester\OIS\Ant\apache-ant-1.7.1\bin;C:\Program Files\Java\jdk1.6.0_18\bin;C:\Program Files\IDM Computer Solutions\UltraEdit\
USERNAME=Patrick
OS=Windows_NT
PROCESSOR_IDENTIFIER=x86 Family 6 Model 23 Stepping 10, GenuineIntel



---------------  S Y S T E M  ---------------

OS: Windows 7 Build 7600 

CPU:total 2 (2 cores per cpu, 1 threads per core) family 6 model 23 stepping 10, cmov, cx8, fxsr, mmx, sse, sse2, sse3, ssse3, sse4.1

Memory: 4k page, physical 3109816k(951020k free), swap 6217868k(3227024k free)

vm_info: Java HotSpot(TM) Client VM (16.0-b13) for windows-x86 JRE (1.6.0_18-b07), built on Dec 17 2009 13:35:55 by "java_re" with MS VC++ 7.1 (VS2003)

time: Tue Jan 04 15:00:26 2011
elapsed time: 0 seconds

