#
# A fatal error has been detected by the Java Runtime Environment:
#
#  Internal Error (classFileParser.cpp:3174), pid=7880, tid=3880
#  Error: ShouldNotReachHere()
#
# JRE version: 6.0_18-b07
# Java VM: Java HotSpot(TM) Client VM (16.0-b13 mixed mode windows-x86 )
# If you would like to submit a bug report, please visit:
#   http://java.sun.com/webapps/bugreport/crash.jsp
#

---------------  T H R E A D  ---------------

Current thread (0x003fa800):  JavaThread "Unknown thread" [_thread_in_vm, id=3880, stack(0x00300000,0x00350000)]

Stack: [0x00300000,0x00350000],  sp=0x0034f880,  free space=13e0034f890k
Native frames: (J=compiled Java code, j=interpreted, Vv=VM code, C=native code)
V  [jvm.dll+0x1f4000]
V  [jvm.dll+0xa1d79]
V  [jvm.dll+0x74ab1]
V  [jvm.dll+0x76154]
V  [jvm.dll+0x1c2395]
V  [jvm.dll+0x1c2acd]
V  [jvm.dll+0x1c2e85]
V  [jvm.dll+0x1c2ecb]
V  [jvm.dll+0x1c2ff2]
V  [jvm.dll+0x1c306a]
V  [jvm.dll+0x1c351d]
V  [jvm.dll+0x1c3922]
V  [jvm.dll+0x1e3ed3]
V  [jvm.dll+0x1e42ac]
V  [jvm.dll+0xd88c1]
V  [jvm.dll+0x1ddae8]
V  [jvm.dll+0x1030a0]
C  [javaw.exe+0x1657]
C  [javaw.exe+0x1e2c]
C  [javaw.exe+0x8614]
C  [kernel32.dll+0x51194]
C  [ntdll.dll+0x5b495]
C  [ntdll.dll+0x5b468]


---------------  P R O C E S S  ---------------

Java Threads: ( => current thread )

Other Threads:

=>0x003fa800 (exited) JavaThread "Unknown thread" [_thread_in_vm, id=3880, stack(0x00300000,0x00350000)]

VM state:not at safepoint (not fully initialized)

VM Mutex/Monitor currently owned by a thread: None

Dynamic libraries:
0x00400000 - 0x00424000 	C:\Program Files\Java\jre6\bin\javaw.exe
0x770a0000 - 0x771dc000 	C:\Windows\SYSTEM32\ntdll.dll
0x75760000 - 0x75834000 	C:\Windows\system32\kernel32.dll
0x75330000 - 0x7537a000 	C:\Windows\system32\KERNELBASE.dll
0x64d00000 - 0x64d31000 	C:\Program Files\Alwil Software\Avast5\snxhk.dll
0x76cf0000 - 0x76d90000 	C:\Windows\system32\ADVAPI32.dll
0x75ff0000 - 0x7609c000 	C:\Windows\system32\msvcrt.dll
0x75840000 - 0x75859000 	C:\Windows\SYSTEM32\sechost.dll
0x75da0000 - 0x75e41000 	C:\Windows\system32\RPCRT4.dll
0x771f0000 - 0x772b9000 	C:\Windows\system32\USER32.dll
0x754f0000 - 0x7553e000 	C:\Windows\system32\GDI32.dll
0x759c0000 - 0x759ca000 	C:\Windows\system32\LPK.dll
0x75cf0000 - 0x75d8d000 	C:\Windows\system32\USP10.dll
0x75120000 - 0x7516b000 	C:\Windows\system32\apphelp.dll
0x64180000 - 0x6420c000 	C:\Windows\AppPatch\AcLayers.DLL
0x75100000 - 0x7511a000 	C:\Windows\system32\SspiCli.dll
0x760a0000 - 0x76ce9000 	C:\Windows\system32\SHELL32.dll
0x76d90000 - 0x76de7000 	C:\Windows\system32\SHLWAPI.dll
0x75860000 - 0x759bc000 	C:\Windows\system32\ole32.dll
0x76ff0000 - 0x7707f000 	C:\Windows\system32\OLEAUT32.dll
0x74840000 - 0x74857000 	C:\Windows\system32\USERENV.dll
0x75190000 - 0x7519b000 	C:\Windows\system32\profapi.dll
0x72ee0000 - 0x72f31000 	C:\Windows\system32\WINSPOOL.DRV
0x668a0000 - 0x668b2000 	C:\Windows\system32\MPR.dll
0x77080000 - 0x7709f000 	C:\Windows\system32\IMM32.DLL
0x75ee0000 - 0x75fac000 	C:\Windows\system32\MSCTF.dll
0x7c340000 - 0x7c396000 	C:\Program Files\Java\jre6\bin\msvcr71.dll
0x6d800000 - 0x6da97000 	C:\Program Files\Java\jre6\bin\client\jvm.dll
0x73af0000 - 0x73b22000 	C:\Windows\system32\WINMM.dll
0x6d7b0000 - 0x6d7bc000 	C:\Program Files\Java\jre6\bin\verify.dll
0x6d330000 - 0x6d34f000 	C:\Program Files\Java\jre6\bin\java.dll
0x6d290000 - 0x6d298000 	C:\Program Files\Java\jre6\bin\hpi.dll
0x772c0000 - 0x772c5000 	C:\Windows\system32\PSAPI.DLL
0x6d7f0000 - 0x6d7ff000 	C:\Program Files\Java\jre6\bin\zip.dll

VM Arguments:
jvm_args: -Dfile.encoding=Cp1252 -Xbootclasspath:D:\Eclipse Daten\android-sdk-windows\platforms\android-1.6\android.jar 
java_command: org.tomdroid.encrypt.Util
Launcher Type: SUN_STANDARD

Environment Variables:
JAVA_HOME=C:\Program Files\Java\jdk1.6.0_18
CLASSPATH=.;C:\Program Files\Java\jre6\lib\ext\QTJava.zip
PATH=C:/Program Files/Java/jre6/bin/client;C:/Program Files/Java/jre6/bin;C:\Program Files\Common Files\Microsoft Shared\Windows Live;C:\Program Files\NVIDIA Corporation\PhysX\Common;C:\Program Files\MiKTeX 2.8\miktex\bin;D:\QtDevelopment\Pearl\site\bin;D:\QtDevelopment\Pearl\bin;D:\QtDevelopment\Carbide\x86Build\Symbian_Tools\Command_Line_Tools;C:\Program Files\PC Connectivity Solution\;C:\Windows\system32;C:\Windows;C:\Windows\System32\Wbem;C:\Windows\System32\WindowsPowerShell\v1.0\;C:\Program Files\WIDCOMM\Bluetooth Software\;C:\Program Files\TortoiseSVN\bin;C:\Program Files\Common Files\Symbian\tools;C:\Program Files\CSL Arm Toolchain\bin;C:\Windows\system32;C:\Program Files\Microsoft SQL Server\90\Tools\binn\;C:\Program Files\Samsung\Samsung PC Studio 3\;D:\Eclipse Daten\android-sdk-windows\tools;C:\Program Files\doxygen\bin;C:\Program Files\MATLAB\R2009a\bin;C:\Program Files\MATLAB\R2009a\bin\win32;C:\Program Files\Common Files\Teleca Shared;C:\Program Files\GtkSharp\2.12\bin;C:\Program Files\Kubios HRV\MCR\v78\runtime\win32;C:\Program Files\GNU\GnuPG\pub;C:\Program Files\QuickTime\QTSystem\;D:\Programme\QT\bin;D:\Programme\QT\mingw;D:\Programme\QT\qt\bin;C:\Qt\2009.05\bin;C:\Qt\2009.05\bin;C:\Qt\2009.05\mingw;D:\Studium\4.Semester\OIS\Ant\apache-ant-1.7.1\bin;C:\Program Files\Java\jdk1.6.0_18\bin
USERNAME=Patrick
OS=Windows_NT
PROCESSOR_IDENTIFIER=x86 Family 6 Model 23 Stepping 10, GenuineIntel



---------------  S Y S T E M  ---------------

OS: Windows 7 Build 7600 

CPU:total 2 (2 cores per cpu, 1 threads per core) family 6 model 23 stepping 10, cmov, cx8, fxsr, mmx, sse, sse2, sse3, ssse3, sse4.1

Memory: 4k page, physical 3109816k(901312k free), swap 6217868k(2981716k free)

vm_info: Java HotSpot(TM) Client VM (16.0-b13) for windows-x86 JRE (1.6.0_18-b07), built on Dec 17 2009 13:35:55 by "java_re" with MS VC++ 7.1 (VS2003)

time: Thu Jan 27 19:12:07 2011
elapsed time: 0 seconds

